#-----------------------------------------------------------
# Vivado v2024.2 (64-bit)
# SW Build 5239630 on Fri Nov 08 22:35:27 MST 2024
# IP Build 5239520 on Sun Nov 10 16:12:51 MST 2024
# SharedData Build 5239561 on Fri Nov 08 14:39:27 MST 2024
# Start of session at: Tue Apr  1 21:28:22 2025
# Process ID         : 13424
# Current directory  : C:/Users/C27Lachlan.Maclean/ECE281/ECE281-Lab3
# Command line       : vivado.exe -gui_launcher_event rodinguilauncherevent15612 C:\Users\C27Lachlan.Maclean\ECE281\ECE281-Lab3\thunderbird.xpr
# Log file           : C:/Users/C27Lachlan.Maclean/ECE281/ECE281-Lab3/vivado.log
# Journal file       : C:/Users/C27Lachlan.Maclean/ECE281/ECE281-Lab3\vivado.jou
# Running On         : C27-5CG31326SV
# Platform           : Windows Server 2016 or Windows 10
# Operating System   : 22631
# Processor Detail   : AMD Ryzen 7 PRO 6850U with Radeon Graphics     
# CPU Frequency      : 2695 MHz
# CPU Physical cores : 8
# CPU Logical cores  : 16
# Host memory        : 16442 MB
# Swap memory        : 45097 MB
# Total Virtual      : 61539 MB
# Available Virtual  : 40872 MB
#-----------------------------------------------------------
start_gui
open_project C:/Users/C27Lachlan.Maclean/ECE281/ECE281-Lab3/thunderbird.xpr
INFO: [filemgmt 56-3] Default IP Output Path : Could not find the directory 'C:/Users/C27Lachlan.Maclean/ECE281/ECE281-Lab3/thunderbird.gen/sources_1'.
WARNING: [filemgmt 56-3] IPUserFilesDir: Could not find the directory 'C:/Users/C27Lachlan.Maclean/ECE281/ECE281-Lab3/thunderbird.ip_user_files'.
Scanning sources...
Finished scanning sources
INFO: [IP_Flow 19-234] Refreshing IP repositories
INFO: [IP_Flow 19-1704] No user IP repositories specified
INFO: [IP_Flow 19-2313] Loaded Vivado IP repository 'C:/Xilinx/Vivado/2024.2/data/ip'.
open_project: Time (s): cpu = 00:00:04 ; elapsed = 00:00:11 . Memory (MB): peak = 1100.367 ; gain = 49.184
update_compile_order -fileset sources_1
launch_simulation
Command: launch_simulation 
INFO: [Vivado 12-12493] Simulation top is 'thunderbird_fsm_tb'
WARNING: [Vivado 12-13340] Unable to auto find GCC executables from simulator install path! (path not set)
INFO: [Vivado 12-5682] Launching behavioral simulation in 'C:/Users/C27Lachlan.Maclean/ECE281/ECE281-Lab3/thunderbird.sim/sim_1/behav/xsim'
INFO: [SIM-utils-51] Simulation object is 'sim_1'
INFO: [SIM-utils-72] Using boost library from 'C:/Xilinx/Vivado/2024.2/tps/boost_1_72_0'
INFO: [SIM-utils-54] Inspecting design source files for 'thunderbird_fsm_tb' in fileset 'sim_1'...
INFO: [USF-XSim-97] Finding global include files...
INFO: [USF-XSim-98] Fetching design files from 'sim_1'...
INFO: [USF-XSim-2] XSim::Compile design
INFO: [USF-XSim-61] Executing 'COMPILE and ANALYZE' step in 'C:/Users/C27Lachlan.Maclean/ECE281/ECE281-Lab3/thunderbird.sim/sim_1/behav/xsim'
"xvhdl --incr --relax -prj thunderbird_fsm_tb_vhdl.prj"
INFO: [VRFC 10-163] Analyzing VHDL file "C:/Users/C27Lachlan.Maclean/ECE281/ECE281-Lab3/src/thunderbird_fsm.vhd" into library xil_defaultlib
INFO: [VRFC 10-3107] analyzing entity 'thunderbird_fsm'
INFO: [VRFC 10-163] Analyzing VHDL file "C:/Users/C27Lachlan.Maclean/ECE281/ECE281-Lab3/src/thunderbird_fsm_tb.vhd" into library xil_defaultlib
INFO: [VRFC 10-3107] analyzing entity 'thunderbird_fsm_tb'
run_program: Time (s): cpu = 00:00:00 ; elapsed = 00:00:07 . Memory (MB): peak = 1138.570 ; gain = 0.000
INFO: [USF-XSim-69] 'compile' step finished in '7' seconds
INFO: [USF-XSim-3] XSim::Elaborate design
INFO: [USF-XSim-61] Executing 'ELABORATE' step in 'C:/Users/C27Lachlan.Maclean/ECE281/ECE281-Lab3/thunderbird.sim/sim_1/behav/xsim'
"xelab --incr --debug typical --relax --mt 2 -L xil_defaultlib -L secureip --snapshot thunderbird_fsm_tb_behav xil_defaultlib.thunderbird_fsm_tb -log elaborate.log"
Vivado Simulator v2024.2.0
Copyright 1986-2022 Xilinx, Inc. All Rights Reserved.
Copyright 2022-2024 Advanced Micro Devices, Inc. All Rights Reserved.
Running: C:/Xilinx/Vivado/2024.2/bin/unwrapped/win64.o/xelab.exe --incr --debug typical --relax --mt 2 -L xil_defaultlib -L secureip --snapshot thunderbird_fsm_tb_behav xil_defaultlib.thunderbird_fsm_tb -log elaborate.log 
Using 2 slave threads.
Starting static elaboration
Completed static elaboration
Starting simulation data flow analysis
Completed simulation data flow analysis
Time Resolution for simulation is 1ps
Compiling package std.standard
Compiling package std.textio
Compiling package ieee.std_logic_1164
Compiling package ieee.numeric_std
Compiling architecture thunderbird_fsm_arch of entity xil_defaultlib.thunderbird_fsm [thunderbird_fsm_default]
Compiling architecture tb of entity xil_defaultlib.thunderbird_fsm_tb
Built simulation snapshot thunderbird_fsm_tb_behav
run_program: Time (s): cpu = 00:00:00 ; elapsed = 00:00:11 . Memory (MB): peak = 1138.570 ; gain = 0.000
INFO: [USF-XSim-69] 'elaborate' step finished in '11' seconds
INFO: [USF-XSim-4] XSim::Simulate design
INFO: [USF-XSim-61] Executing 'SIMULATE' step in 'C:/Users/C27Lachlan.Maclean/ECE281/ECE281-Lab3/thunderbird.sim/sim_1/behav/xsim'
INFO: [USF-XSim-98] *** Running xsim
   with args "thunderbird_fsm_tb_behav -key {Behavioral:sim_1:Functional:thunderbird_fsm_tb} -tclbatch {thunderbird_fsm_tb.tcl} -log {simulate.log}"
INFO: [USF-XSim-8] Loading simulator feature
Time resolution is 1 ps
source thunderbird_fsm_tb.tcl
# set curr_wave [current_wave_config]
# if { [string length $curr_wave] == 0 } {
#   if { [llength [get_objects]] > 0} {
#     add_wave /
#     set_property needs_save false [current_wave_config]
#   } else {
#      send_msg_id Add_Wave-1 WARNING "No top level signals found. Simulator will start without a wave window. If you want to open a wave window go to 'File->New Waveform Configuration' or type 'create_wave_config' in the TCL console."
#   }
# }
# run 1000ns
Note: Starting Thunderbird FSM test bench...
Time: 0 ps  Iteration: 0  Process: /thunderbird_fsm_tb/p_stimulus  File: C:/Users/C27Lachlan.Maclean/ECE281/ECE281-Lab3/src/thunderbird_fsm_tb.vhd
Error: ERROR: First left state not as expected!
Time: 50 ns  Iteration: 0  Process: /thunderbird_fsm_tb/p_stimulus  File: C:/Users/C27Lachlan.Maclean/ECE281/ECE281-Lab3/src/thunderbird_fsm_tb.vhd
Error: ERROR: Second left state not as expected!
Time: 70 ns  Iteration: 0  Process: /thunderbird_fsm_tb/p_stimulus  File: C:/Users/C27Lachlan.Maclean/ECE281/ECE281-Lab3/src/thunderbird_fsm_tb.vhd
Error: ERROR: Third left state not as expected!
Time: 90 ns  Iteration: 0  Process: /thunderbird_fsm_tb/p_stimulus  File: C:/Users/C27Lachlan.Maclean/ECE281/ECE281-Lab3/src/thunderbird_fsm_tb.vhd
Note: Thunderbird FSM test bench complete. Check waveforms for detail.
Time: 250 ns  Iteration: 0  Process: /thunderbird_fsm_tb/p_stimulus  File: C:/Users/C27Lachlan.Maclean/ECE281/ECE281-Lab3/src/thunderbird_fsm_tb.vhd
xsim: Time (s): cpu = 00:00:01 ; elapsed = 00:00:06 . Memory (MB): peak = 1147.094 ; gain = 8.523
INFO: [USF-XSim-96] XSim completed. Design snapshot 'thunderbird_fsm_tb_behav' loaded.
INFO: [USF-XSim-97] XSim simulation ran for 1000ns
launch_simulation: Time (s): cpu = 00:00:02 ; elapsed = 00:00:27 . Memory (MB): peak = 1147.094 ; gain = 8.523
launch_runs impl_1 -to_step write_bitstream -jobs 8
[Tue Apr  1 21:34:28 2025] Launched synth_1...
Run output will be captured here: C:/Users/C27Lachlan.Maclean/ECE281/ECE281-Lab3/thunderbird.runs/synth_1/runme.log
[Tue Apr  1 21:34:28 2025] Launched impl_1...
Run output will be captured here: C:/Users/C27Lachlan.Maclean/ECE281/ECE281-Lab3/thunderbird.runs/impl_1/runme.log
close_sim
INFO: [Simtcl 6-16] Simulation closed
launch_simulation
Command: launch_simulation 
INFO: [Vivado 12-12493] Simulation top is 'thunderbird_fsm_tb'
WARNING: [Vivado 12-13340] Unable to auto find GCC executables from simulator install path! (path not set)
INFO: [Vivado 12-5682] Launching behavioral simulation in 'C:/Users/C27Lachlan.Maclean/ECE281/ECE281-Lab3/thunderbird.sim/sim_1/behav/xsim'
INFO: [SIM-utils-51] Simulation object is 'sim_1'
INFO: [SIM-utils-72] Using boost library from 'C:/Xilinx/Vivado/2024.2/tps/boost_1_72_0'
INFO: [SIM-utils-54] Inspecting design source files for 'thunderbird_fsm_tb' in fileset 'sim_1'...
INFO: [USF-XSim-97] Finding global include files...
INFO: [USF-XSim-98] Fetching design files from 'sim_1'...
INFO: [USF-XSim-2] XSim::Compile design
INFO: [USF-XSim-61] Executing 'COMPILE and ANALYZE' step in 'C:/Users/C27Lachlan.Maclean/ECE281/ECE281-Lab3/thunderbird.sim/sim_1/behav/xsim'
"xvhdl --incr --relax -prj thunderbird_fsm_tb_vhdl.prj"
INFO: [VRFC 10-163] Analyzing VHDL file "C:/Users/C27Lachlan.Maclean/ECE281/ECE281-Lab3/src/thunderbird_fsm_tb.vhd" into library xil_defaultlib
INFO: [VRFC 10-3107] analyzing entity 'thunderbird_fsm_tb'
run_program: Time (s): cpu = 00:00:00 ; elapsed = 00:00:07 . Memory (MB): peak = 1160.363 ; gain = 0.000
INFO: [USF-XSim-69] 'compile' step finished in '8' seconds
INFO: [USF-XSim-3] XSim::Elaborate design
INFO: [USF-XSim-61] Executing 'ELABORATE' step in 'C:/Users/C27Lachlan.Maclean/ECE281/ECE281-Lab3/thunderbird.sim/sim_1/behav/xsim'
"xelab --incr --debug typical --relax --mt 2 -L xil_defaultlib -L secureip --snapshot thunderbird_fsm_tb_behav xil_defaultlib.thunderbird_fsm_tb -log elaborate.log"
Vivado Simulator v2024.2.0
Copyright 1986-2022 Xilinx, Inc. All Rights Reserved.
Copyright 2022-2024 Advanced Micro Devices, Inc. All Rights Reserved.
Running: C:/Xilinx/Vivado/2024.2/bin/unwrapped/win64.o/xelab.exe --incr --debug typical --relax --mt 2 -L xil_defaultlib -L secureip --snapshot thunderbird_fsm_tb_behav xil_defaultlib.thunderbird_fsm_tb -log elaborate.log 
Using 2 slave threads.
Starting static elaboration
Completed static elaboration
Starting simulation data flow analysis
Completed simulation data flow analysis
Time Resolution for simulation is 1ps
Compiling package std.standard
Compiling package std.textio
Compiling package ieee.std_logic_1164
Compiling package ieee.numeric_std
Compiling architecture thunderbird_fsm_arch of entity xil_defaultlib.thunderbird_fsm [thunderbird_fsm_default]
Compiling architecture tb of entity xil_defaultlib.thunderbird_fsm_tb
Built simulation snapshot thunderbird_fsm_tb_behav
run_program: Time (s): cpu = 00:00:01 ; elapsed = 00:00:10 . Memory (MB): peak = 1160.363 ; gain = 0.000
INFO: [USF-XSim-69] 'elaborate' step finished in '10' seconds
INFO: [USF-XSim-4] XSim::Simulate design
INFO: [USF-XSim-61] Executing 'SIMULATE' step in 'C:/Users/C27Lachlan.Maclean/ECE281/ECE281-Lab3/thunderbird.sim/sim_1/behav/xsim'
INFO: [USF-XSim-98] *** Running xsim
   with args "thunderbird_fsm_tb_behav -key {Behavioral:sim_1:Functional:thunderbird_fsm_tb} -tclbatch {thunderbird_fsm_tb.tcl} -log {simulate.log}"
INFO: [USF-XSim-8] Loading simulator feature
Time resolution is 1 ps
source thunderbird_fsm_tb.tcl
# set curr_wave [current_wave_config]
# if { [string length $curr_wave] == 0 } {
#   if { [llength [get_objects]] > 0} {
#     add_wave /
#     set_property needs_save false [current_wave_config]
#   } else {
#      send_msg_id Add_Wave-1 WARNING "No top level signals found. Simulator will start without a wave window. If you want to open a wave window go to 'File->New Waveform Configuration' or type 'create_wave_config' in the TCL console."
#   }
# }
# run 1000ns
Note: Starting Thunderbird FSM test bench...
Time: 0 ps  Iteration: 0  Process: /thunderbird_fsm_tb/p_stimulus  File: C:/Users/C27Lachlan.Maclean/ECE281/ECE281-Lab3/src/thunderbird_fsm_tb.vhd
Error: ERROR: First left state not as expected!
Time: 50 ns  Iteration: 0  Process: /thunderbird_fsm_tb/p_stimulus  File: C:/Users/C27Lachlan.Maclean/ECE281/ECE281-Lab3/src/thunderbird_fsm_tb.vhd
Error: ERROR: Second left state not as expected!
Time: 70 ns  Iteration: 0  Process: /thunderbird_fsm_tb/p_stimulus  File: C:/Users/C27Lachlan.Maclean/ECE281/ECE281-Lab3/src/thunderbird_fsm_tb.vhd
Error: ERROR: Third left state not as expected!
Time: 90 ns  Iteration: 0  Process: /thunderbird_fsm_tb/p_stimulus  File: C:/Users/C27Lachlan.Maclean/ECE281/ECE281-Lab3/src/thunderbird_fsm_tb.vhd
Note: Thunderbird FSM test bench complete. Check waveforms for detail.
Time: 250 ns  Iteration: 0  Process: /thunderbird_fsm_tb/p_stimulus  File: C:/Users/C27Lachlan.Maclean/ECE281/ECE281-Lab3/src/thunderbird_fsm_tb.vhd
xsim: Time (s): cpu = 00:00:00 ; elapsed = 00:00:05 . Memory (MB): peak = 1160.363 ; gain = 0.000
INFO: [USF-XSim-96] XSim completed. Design snapshot 'thunderbird_fsm_tb_behav' loaded.
INFO: [USF-XSim-97] XSim simulation ran for 1000ns
launch_simulation: Time (s): cpu = 00:00:01 ; elapsed = 00:00:23 . Memory (MB): peak = 1160.363 ; gain = 0.000
reset_run impl_1 -prev_step 
launch_runs impl_1 -to_step write_bitstream -jobs 8
[Wed Apr  2 18:59:50 2025] Launched impl_1...
Run output will be captured here: C:/Users/C27Lachlan.Maclean/ECE281/ECE281-Lab3/thunderbird.runs/impl_1/runme.log
WARNING: [Common 17-9] Error reading message records.
WARNING: [filemgmt 56-199] Attempt to get parsing info during refresh. "On-the-fly" syntax checking information may be incorrect. [C:\Users\C27Lachlan.Maclean\ECE281\ECE281-Lab3\src\thunderbird_fsm_tb.vhd:]
WARNING: [filemgmt 56-199] Attempt to get parsing info during refresh. "On-the-fly" syntax checking information may be incorrect. [C:\Users\C27Lachlan.Maclean\ECE281\ECE281-Lab3\src\top_basys3.vhd:]
WARNING: [filemgmt 56-199] Attempt to get parsing info during refresh. "On-the-fly" syntax checking information may be incorrect. [C:\Users\C27Lachlan.Maclean\ECE281\ECE281-Lab3\src\thunderbird_fsm_tb.vhd:]
WARNING: [filemgmt 56-199] Attempt to get parsing info during refresh. "On-the-fly" syntax checking information may be incorrect. [C:\Users\C27Lachlan.Maclean\ECE281\ECE281-Lab3\src\thunderbird_fsm_tb.vhd:]
ERROR: [Common 17-180] Spawn failed: No error
update_compile_order -fileset sources_1
WARNING: [filemgmt 56-199] Attempt to get parsing info during refresh. "On-the-fly" syntax checking information may be incorrect. [C:\Users\C27Lachlan.Maclean\ECE281\ECE281-Lab3\src\thunderbird_fsm_tb.vhd:]
WARNING: [filemgmt 56-199] Attempt to get parsing info during refresh. "On-the-fly" syntax checking information may be incorrect. [C:\Users\C27Lachlan.Maclean\ECE281\ECE281-Lab3\src\top_basys3.vhd:]
WARNING: [filemgmt 56-199] Attempt to get parsing info during refresh. "On-the-fly" syntax checking information may be incorrect. [C:\Users\C27Lachlan.Maclean\ECE281\ECE281-Lab3\src\top_basys3.vhd:]
WARNING: [filemgmt 56-199] Attempt to get parsing info during refresh. "On-the-fly" syntax checking information may be incorrect. [C:\Users\C27Lachlan.Maclean\ECE281\ECE281-Lab3\src\top_basys3.vhd:]
reset_run synth_1
INFO: [Project 1-1160] Copying file C:/Users/C27Lachlan.Maclean/ECE281/ECE281-Lab3/thunderbird.runs/synth_1/top_basys3.dcp to C:/Users/C27Lachlan.Maclean/ECE281/ECE281-Lab3/thunderbird.srcs/utils_1/imports/synth_1 and adding it to utils fileset
WARNING: [Vivado 12-1017] Problems encountered:
1. Failed to delete one or more files in run directory C:/Users/C27Lachlan.Maclean/ECE281/ECE281-Lab3/thunderbird.runs/synth_1

WARNING: [filemgmt 56-199] Attempt to get parsing info during refresh. "On-the-fly" syntax checking information may be incorrect. [C:\Users\C27Lachlan.Maclean\ECE281\ECE281-Lab3\src\thunderbird_fsm_tb.vhd:]
WARNING: [filemgmt 56-199] Attempt to get parsing info during refresh. "On-the-fly" syntax checking information may be incorrect. [C:\Users\C27Lachlan.Maclean\ECE281\ECE281-Lab3\src\top_basys3.vhd:]
WARNING: [filemgmt 56-199] Attempt to get parsing info during refresh. "On-the-fly" syntax checking information may be incorrect. [C:\Users\C27Lachlan.Maclean\ECE281\ECE281-Lab3\src\top_basys3.vhd:]
WARNING: [filemgmt 56-199] Attempt to get parsing info during refresh. "On-the-fly" syntax checking information may be incorrect. [C:\Users\C27Lachlan.Maclean\ECE281\ECE281-Lab3\src\top_basys3.vhd:]
ERROR: [Common 17-180] Spawn failed: No error
WARNING: [filemgmt 56-199] Attempt to get parsing info during refresh. "On-the-fly" syntax checking information may be incorrect. [C:\Users\C27Lachlan.Maclean\ECE281\ECE281-Lab3\src\thunderbird_fsm_tb.vhd:]
WARNING: [filemgmt 56-199] Attempt to get parsing info during refresh. "On-the-fly" syntax checking information may be incorrect. [C:\Users\C27Lachlan.Maclean\ECE281\ECE281-Lab3\src\top_basys3.vhd:]
WARNING: [filemgmt 56-199] Attempt to get parsing info during refresh. "On-the-fly" syntax checking information may be incorrect. [C:\Users\C27Lachlan.Maclean\ECE281\ECE281-Lab3\src\thunderbird_fsm_tb.vhd:]
WARNING: [filemgmt 56-199] Attempt to get parsing info during refresh. "On-the-fly" syntax checking information may be incorrect. [C:\Users\C27Lachlan.Maclean\ECE281\ECE281-Lab3\src\thunderbird_fsm_tb.vhd:]
launch_runs impl_1 -to_step write_bitstream -jobs 8
ERROR: [Common 17-180] Spawn failed: No error
ERROR: [Vivado 12-4756] Launch of runs aborted due to earlier errors while preparing sub-designs for run execution.
launch_runs impl_1 -to_step write_bitstream -jobs 8
[Wed Apr  2 19:11:35 2025] Launched synth_1...
Run output will be captured here: C:/Users/C27Lachlan.Maclean/ECE281/ECE281-Lab3/thunderbird.runs/synth_1/runme.log
[Wed Apr  2 19:11:35 2025] Launched impl_1...
Run output will be captured here: C:/Users/C27Lachlan.Maclean/ECE281/ECE281-Lab3/thunderbird.runs/impl_1/runme.log
WARNING: [filemgmt 56-199] Attempt to get parsing info during refresh. "On-the-fly" syntax checking information may be incorrect. [C:\Users\C27Lachlan.Maclean\ECE281\ECE281-Lab3\src\thunderbird_fsm_tb.vhd:]
WARNING: [filemgmt 56-199] Attempt to get parsing info during refresh. "On-the-fly" syntax checking information may be incorrect. [C:\Users\C27Lachlan.Maclean\ECE281\ECE281-Lab3\src\top_basys3.vhd:]
WARNING: [filemgmt 56-199] Attempt to get parsing info during refresh. "On-the-fly" syntax checking information may be incorrect. [C:\Users\C27Lachlan.Maclean\ECE281\ECE281-Lab3\src\top_basys3.vhd:]
WARNING: [filemgmt 56-199] Attempt to get parsing info during refresh. "On-the-fly" syntax checking information may be incorrect. [C:\Users\C27Lachlan.Maclean\ECE281\ECE281-Lab3\src\top_basys3.vhd:]
ERROR: [Common 17-180] Spawn failed: No error
reset_run synth_1
INFO: [Project 1-1161] Replacing file C:/Users/C27Lachlan.Maclean/ECE281/ECE281-Lab3/thunderbird.srcs/utils_1/imports/synth_1/top_basys3.dcp with file C:/Users/C27Lachlan.Maclean/ECE281/ECE281-Lab3/thunderbird.runs/synth_1/top_basys3.dcp
WARNING: [Vivado 12-1017] Problems encountered:
1. Failed to delete one or more files in run directory C:/Users/C27Lachlan.Maclean/ECE281/ECE281-Lab3/thunderbird.runs/synth_1

launch_runs impl_1 -to_step write_bitstream -jobs 8
WARNING: [filemgmt 56-199] Attempt to get parsing info during refresh. "On-the-fly" syntax checking information may be incorrect. [C:\Users\C27Lachlan.Maclean\ECE281\ECE281-Lab3\src\thunderbird_fsm_tb.vhd:]
WARNING: [filemgmt 56-199] Attempt to get parsing info during refresh. "On-the-fly" syntax checking information may be incorrect. [C:\Users\C27Lachlan.Maclean\ECE281\ECE281-Lab3\src\top_basys3.vhd:]
WARNING: [filemgmt 56-199] Attempt to get parsing info during refresh. "On-the-fly" syntax checking information may be incorrect. [C:\Users\C27Lachlan.Maclean\ECE281\ECE281-Lab3\src\top_basys3.vhd:]
WARNING: [filemgmt 56-199] Attempt to get parsing info during refresh. "On-the-fly" syntax checking information may be incorrect. [C:\Users\C27Lachlan.Maclean\ECE281\ECE281-Lab3\src\top_basys3.vhd:]
[Wed Apr  2 19:21:53 2025] Launched synth_1...
Run output will be captured here: C:/Users/C27Lachlan.Maclean/ECE281/ECE281-Lab3/thunderbird.runs/synth_1/runme.log
[Wed Apr  2 19:21:53 2025] Launched impl_1...
Run output will be captured here: C:/Users/C27Lachlan.Maclean/ECE281/ECE281-Lab3/thunderbird.runs/impl_1/runme.log
ERROR: [Common 17-180] Spawn failed: No error
open_hw_manager
connect_hw_server -allow_non_jtag
INFO: [Labtools 27-2285] Connecting to hw_server url TCP:localhost:3121
INFO: [Labtools 27-2222] Launching hw_server...
INFO: [Labtools 27-2221] Launch Output:

****** Xilinx hw_server v2024.2
  **** Build date : Oct 29 2024 at 10:25:41
    ** Copyright 1986-2022 Xilinx, Inc. All Rights Reserved.


INFO: [Labtools 27-3415] Connecting to cs_server url TCP:localhost:0
INFO: [Labtools 27-3417] Launching cs_server...
INFO: [Labtools 27-2221] Launch Output:


******** Xilinx cs_server v2024.2.0
  ****** Build date   : Oct 30 2024-12:19:07
    **** Build number : 2024.2.1730312347
      ** Copyright 2017-2022 Xilinx, Inc. All Rights Reserved.
      ** Copyright 2022-2025 Advanced Micro Devices, Inc. All Rights Reserved.



connect_hw_server: Time (s): cpu = 00:00:01 ; elapsed = 00:00:18 . Memory (MB): peak = 1182.145 ; gain = 3.219
open_hw_target
INFO: [Labtoolstcl 44-466] Opening hw_target localhost:3121/xilinx_tcf/Digilent/210183BB7BCAA
current_hw_device [get_hw_devices xc7a35t_0]
refresh_hw_device -update_hw_probes false [lindex [get_hw_devices xc7a35t_0] 0]
INFO: [Labtools 27-1434] Device xc7a35t (JTAG device index = 0) is programmed with a design that has no supported debug core(s) in it.
reset_run impl_1 -prev_step 
launch_runs impl_1 -to_step write_bitstream -jobs 8
[Wed Apr  2 19:47:31 2025] Launched impl_1...
Run output will be captured here: C:/Users/C27Lachlan.Maclean/ECE281/ECE281-Lab3/thunderbird.runs/impl_1/runme.log
ERROR: [Labtoolstcl 44-513] HW Target shutdown. Closing target: localhost:3121/xilinx_tcf/Digilent/210183BB7BCAA
WARNING: [Common 17-9] Error reading message records.
close_hw_manager
set_property top thunderbird_fsm [get_filesets sim_1]
set_property top_lib xil_defaultlib [get_filesets sim_1]
WARNING: [filemgmt 56-199] Attempt to get parsing info during refresh. "On-the-fly" syntax checking information may be incorrect. [C:\Users\C27Lachlan.Maclean\ECE281\ECE281-Lab3\src\thunderbird_fsm_tb.vhd:]
WARNING: [filemgmt 56-199] Attempt to get parsing info during refresh. "On-the-fly" syntax checking information may be incorrect. [C:\Users\C27Lachlan.Maclean\ECE281\ECE281-Lab3\src\top_basys3.vhd:]
WARNING: [filemgmt 56-199] Attempt to get parsing info during refresh. "On-the-fly" syntax checking information may be incorrect. [C:\Users\C27Lachlan.Maclean\ECE281\ECE281-Lab3\src\thunderbird_fsm_tb.vhd:]
WARNING: [filemgmt 56-199] Attempt to get parsing info during refresh. "On-the-fly" syntax checking information may be incorrect. [C:\Users\C27Lachlan.Maclean\ECE281\ECE281-Lab3\src\thunderbird_fsm_tb.vhd:]
ERROR: [Common 17-180] Spawn failed: No error
update_compile_order -fileset sim_1
WARNING: [filemgmt 56-199] Attempt to get parsing info during refresh. "On-the-fly" syntax checking information may be incorrect. [C:\Users\C27Lachlan.Maclean\ECE281\ECE281-Lab3\src\thunderbird_fsm_tb.vhd:]
WARNING: [filemgmt 56-199] Attempt to get parsing info during refresh. "On-the-fly" syntax checking information may be incorrect. [C:\Users\C27Lachlan.Maclean\ECE281\ECE281-Lab3\src\top_basys3.vhd:]
WARNING: [filemgmt 56-199] Attempt to get parsing info during refresh. "On-the-fly" syntax checking information may be incorrect. [C:\Users\C27Lachlan.Maclean\ECE281\ECE281-Lab3\src\top_basys3.vhd:]
WARNING: [filemgmt 56-199] Attempt to get parsing info during refresh. "On-the-fly" syntax checking information may be incorrect. [C:\Users\C27Lachlan.Maclean\ECE281\ECE281-Lab3\src\top_basys3.vhd:]
ERROR: [Common 17-180] Spawn failed: No error
reset_run impl_1 -prev_step 
launch_runs impl_1 -to_step write_bitstream -jobs 8
[Wed Apr  2 19:49:28 2025] Launched impl_1...
Run output will be captured here: C:/Users/C27Lachlan.Maclean/ECE281/ECE281-Lab3/thunderbird.runs/impl_1/runme.log
set_property top top_basys3 [get_filesets sim_1]
set_property top_lib xil_defaultlib [get_filesets sim_1]
WARNING: [filemgmt 56-199] Attempt to get parsing info during refresh. "On-the-fly" syntax checking information may be incorrect. [C:\Users\C27Lachlan.Maclean\ECE281\ECE281-Lab3\src\thunderbird_fsm_tb.vhd:]
WARNING: [filemgmt 56-199] Attempt to get parsing info during refresh. "On-the-fly" syntax checking information may be incorrect. [C:\Users\C27Lachlan.Maclean\ECE281\ECE281-Lab3\src\top_basys3.vhd:]
WARNING: [filemgmt 56-199] Attempt to get parsing info during refresh. "On-the-fly" syntax checking information may be incorrect. [C:\Users\C27Lachlan.Maclean\ECE281\ECE281-Lab3\src\top_basys3.vhd:]
WARNING: [filemgmt 56-199] Attempt to get parsing info during refresh. "On-the-fly" syntax checking information may be incorrect. [C:\Users\C27Lachlan.Maclean\ECE281\ECE281-Lab3\src\top_basys3.vhd:]
ERROR: [Common 17-180] Spawn failed: No error
reset_run synth_1
INFO: [Project 1-1161] Replacing file C:/Users/C27Lachlan.Maclean/ECE281/ECE281-Lab3/thunderbird.srcs/utils_1/imports/synth_1/top_basys3.dcp with file C:/Users/C27Lachlan.Maclean/ECE281/ECE281-Lab3/thunderbird.runs/synth_1/top_basys3.dcp
WARNING: [Vivado 12-1017] Problems encountered:
1. Failed to delete one or more files in run directory C:/Users/C27Lachlan.Maclean/ECE281/ECE281-Lab3/thunderbird.runs/synth_1

launch_runs synth_1 -jobs 8
[Wed Apr  2 19:50:20 2025] Launched synth_1...
Run output will be captured here: C:/Users/C27Lachlan.Maclean/ECE281/ECE281-Lab3/thunderbird.runs/synth_1/runme.log
WARNING: [filemgmt 56-199] Attempt to get parsing info during refresh. "On-the-fly" syntax checking information may be incorrect. [C:\Users\C27Lachlan.Maclean\ECE281\ECE281-Lab3\src\thunderbird_fsm_tb.vhd:]
WARNING: [filemgmt 56-199] Attempt to get parsing info during refresh. "On-the-fly" syntax checking information may be incorrect. [C:\Users\C27Lachlan.Maclean\ECE281\ECE281-Lab3\src\top_basys3.vhd:]
WARNING: [filemgmt 56-199] Attempt to get parsing info during refresh. "On-the-fly" syntax checking information may be incorrect. [C:\Users\C27Lachlan.Maclean\ECE281\ECE281-Lab3\src\top_basys3.vhd:]
WARNING: [filemgmt 56-199] Attempt to get parsing info during refresh. "On-the-fly" syntax checking information may be incorrect. [C:\Users\C27Lachlan.Maclean\ECE281\ECE281-Lab3\src\top_basys3.vhd:]
ERROR: [Common 17-180] Spawn failed: No error
launch_runs impl_1 -jobs 8
[Wed Apr  2 19:51:27 2025] Launched impl_1...
Run output will be captured here: C:/Users/C27Lachlan.Maclean/ECE281/ECE281-Lab3/thunderbird.runs/impl_1/runme.log
launch_runs impl_1 -to_step write_bitstream -jobs 8
[Wed Apr  2 19:52:51 2025] Launched impl_1...
Run output will be captured here: C:/Users/C27Lachlan.Maclean/ECE281/ECE281-Lab3/thunderbird.runs/impl_1/runme.log
WARNING: [filemgmt 56-199] Attempt to get parsing info during refresh. "On-the-fly" syntax checking information may be incorrect. [C:\Users\C27Lachlan.Maclean\ECE281\ECE281-Lab3\src\thunderbird_fsm_tb.vhd:]
WARNING: [filemgmt 56-199] Attempt to get parsing info during refresh. "On-the-fly" syntax checking information may be incorrect. [C:\Users\C27Lachlan.Maclean\ECE281\ECE281-Lab3\src\top_basys3.vhd:]
WARNING: [filemgmt 56-199] Attempt to get parsing info during refresh. "On-the-fly" syntax checking information may be incorrect. [C:\Users\C27Lachlan.Maclean\ECE281\ECE281-Lab3\src\top_basys3.vhd:]
WARNING: [filemgmt 56-199] Attempt to get parsing info during refresh. "On-the-fly" syntax checking information may be incorrect. [C:\Users\C27Lachlan.Maclean\ECE281\ECE281-Lab3\src\top_basys3.vhd:]
ERROR: [Common 17-180] Spawn failed: No error
reset_run synth_1
INFO: [Project 1-1161] Replacing file C:/Users/C27Lachlan.Maclean/ECE281/ECE281-Lab3/thunderbird.srcs/utils_1/imports/synth_1/top_basys3.dcp with file C:/Users/C27Lachlan.Maclean/ECE281/ECE281-Lab3/thunderbird.runs/synth_1/top_basys3.dcp
WARNING: [Vivado 12-1017] Problems encountered:
1. Failed to delete one or more files in run directory C:/Users/C27Lachlan.Maclean/ECE281/ECE281-Lab3/thunderbird.runs/synth_1

launch_runs impl_1 -to_step write_bitstream -jobs 8
[Wed Apr  2 19:58:35 2025] Launched synth_1...
Run output will be captured here: C:/Users/C27Lachlan.Maclean/ECE281/ECE281-Lab3/thunderbird.runs/synth_1/runme.log
[Wed Apr  2 19:58:35 2025] Launched impl_1...
Run output will be captured here: C:/Users/C27Lachlan.Maclean/ECE281/ECE281-Lab3/thunderbird.runs/impl_1/runme.log
WARNING: [filemgmt 56-199] Attempt to get parsing info during refresh. "On-the-fly" syntax checking information may be incorrect. [C:\Users\C27Lachlan.Maclean\ECE281\ECE281-Lab3\src\thunderbird_fsm_tb.vhd:]
WARNING: [filemgmt 56-199] Attempt to get parsing info during refresh. "On-the-fly" syntax checking information may be incorrect. [C:\Users\C27Lachlan.Maclean\ECE281\ECE281-Lab3\src\top_basys3.vhd:]
WARNING: [filemgmt 56-199] Attempt to get parsing info during refresh. "On-the-fly" syntax checking information may be incorrect. [C:\Users\C27Lachlan.Maclean\ECE281\ECE281-Lab3\src\top_basys3.vhd:]
WARNING: [filemgmt 56-199] Attempt to get parsing info during refresh. "On-the-fly" syntax checking information may be incorrect. [C:\Users\C27Lachlan.Maclean\ECE281\ECE281-Lab3\src\top_basys3.vhd:]
ERROR: [Common 17-180] Spawn failed: No error
WARNING: [filemgmt 56-199] Attempt to get parsing info during refresh. "On-the-fly" syntax checking information may be incorrect. [C:\Users\C27Lachlan.Maclean\ECE281\ECE281-Lab3\src\thunderbird_fsm_tb.vhd:]
WARNING: [filemgmt 56-199] Attempt to get parsing info during refresh. "On-the-fly" syntax checking information may be incorrect. [C:\Users\C27Lachlan.Maclean\ECE281\ECE281-Lab3\src\top_basys3.vhd:]
WARNING: [filemgmt 56-199] Attempt to get parsing info during refresh. "On-the-fly" syntax checking information may be incorrect. [C:\Users\C27Lachlan.Maclean\ECE281\ECE281-Lab3\src\thunderbird_fsm_tb.vhd:]
WARNING: [filemgmt 56-199] Attempt to get parsing info during refresh. "On-the-fly" syntax checking information may be incorrect. [C:\Users\C27Lachlan.Maclean\ECE281\ECE281-Lab3\src\thunderbird_fsm_tb.vhd:]
ERROR: [Common 17-180] Spawn failed: No error
reset_run synth_1
INFO: [Project 1-1161] Replacing file C:/Users/C27Lachlan.Maclean/ECE281/ECE281-Lab3/thunderbird.srcs/utils_1/imports/synth_1/top_basys3.dcp with file C:/Users/C27Lachlan.Maclean/ECE281/ECE281-Lab3/thunderbird.runs/synth_1/top_basys3.dcp
WARNING: [Vivado 12-1017] Problems encountered:
1. Failed to delete one or more files in run directory C:/Users/C27Lachlan.Maclean/ECE281/ECE281-Lab3/thunderbird.runs/synth_1

launch_runs impl_1 -to_step write_bitstream -jobs 8
[Wed Apr  2 20:04:38 2025] Launched synth_1...
Run output will be captured here: C:/Users/C27Lachlan.Maclean/ECE281/ECE281-Lab3/thunderbird.runs/synth_1/runme.log
[Wed Apr  2 20:04:38 2025] Launched impl_1...
Run output will be captured here: C:/Users/C27Lachlan.Maclean/ECE281/ECE281-Lab3/thunderbird.runs/impl_1/runme.log
WARNING: [filemgmt 56-199] Attempt to get parsing info during refresh. "On-the-fly" syntax checking information may be incorrect. [C:\Users\C27Lachlan.Maclean\ECE281\ECE281-Lab3\src\thunderbird_fsm_tb.vhd:]
WARNING: [filemgmt 56-199] Attempt to get parsing info during refresh. "On-the-fly" syntax checking information may be incorrect. [C:\Users\C27Lachlan.Maclean\ECE281\ECE281-Lab3\src\top_basys3.vhd:]
WARNING: [filemgmt 56-199] Attempt to get parsing info during refresh. "On-the-fly" syntax checking information may be incorrect. [C:\Users\C27Lachlan.Maclean\ECE281\ECE281-Lab3\src\top_basys3.vhd:]
WARNING: [filemgmt 56-199] Attempt to get parsing info during refresh. "On-the-fly" syntax checking information may be incorrect. [C:\Users\C27Lachlan.Maclean\ECE281\ECE281-Lab3\src\top_basys3.vhd:]
ERROR: [Common 17-180] Spawn failed: No error
WARNING: [filemgmt 56-199] Attempt to get parsing info during refresh. "On-the-fly" syntax checking information may be incorrect. [C:\Users\C27Lachlan.Maclean\ECE281\ECE281-Lab3\src\thunderbird_fsm_tb.vhd:]
WARNING: [filemgmt 56-199] Attempt to get parsing info during refresh. "On-the-fly" syntax checking information may be incorrect. [C:\Users\C27Lachlan.Maclean\ECE281\ECE281-Lab3\src\top_basys3.vhd:]
WARNING: [filemgmt 56-199] Attempt to get parsing info during refresh. "On-the-fly" syntax checking information may be incorrect. [C:\Users\C27Lachlan.Maclean\ECE281\ECE281-Lab3\src\top_basys3.vhd:]
WARNING: [filemgmt 56-199] Attempt to get parsing info during refresh. "On-the-fly" syntax checking information may be incorrect. [C:\Users\C27Lachlan.Maclean\ECE281\ECE281-Lab3\src\top_basys3.vhd:]
ERROR: [Common 17-180] Spawn failed: No error
reset_run synth_1
INFO: [Project 1-1161] Replacing file C:/Users/C27Lachlan.Maclean/ECE281/ECE281-Lab3/thunderbird.srcs/utils_1/imports/synth_1/top_basys3.dcp with file C:/Users/C27Lachlan.Maclean/ECE281/ECE281-Lab3/thunderbird.runs/synth_1/top_basys3.dcp
WARNING: [Vivado 12-1017] Problems encountered:
1. Failed to delete one or more files in run directory C:/Users/C27Lachlan.Maclean/ECE281/ECE281-Lab3/thunderbird.runs/synth_1

launch_runs impl_1 -to_step write_bitstream -jobs 8
[Wed Apr  2 20:18:18 2025] Launched synth_1...
Run output will be captured here: C:/Users/C27Lachlan.Maclean/ECE281/ECE281-Lab3/thunderbird.runs/synth_1/runme.log
[Wed Apr  2 20:18:18 2025] Launched impl_1...
Run output will be captured here: C:/Users/C27Lachlan.Maclean/ECE281/ECE281-Lab3/thunderbird.runs/impl_1/runme.log
WARNING: [filemgmt 56-199] Attempt to get parsing info during refresh. "On-the-fly" syntax checking information may be incorrect. [C:\Users\C27Lachlan.Maclean\ECE281\ECE281-Lab3\src\thunderbird_fsm_tb.vhd:]
WARNING: [filemgmt 56-199] Attempt to get parsing info during refresh. "On-the-fly" syntax checking information may be incorrect. [C:\Users\C27Lachlan.Maclean\ECE281\ECE281-Lab3\src\top_basys3.vhd:]
WARNING: [filemgmt 56-199] Attempt to get parsing info during refresh. "On-the-fly" syntax checking information may be incorrect. [C:\Users\C27Lachlan.Maclean\ECE281\ECE281-Lab3\src\top_basys3.vhd:]
WARNING: [filemgmt 56-199] Attempt to get parsing info during refresh. "On-the-fly" syntax checking information may be incorrect. [C:\Users\C27Lachlan.Maclean\ECE281\ECE281-Lab3\src\top_basys3.vhd:]
ERROR: [Common 17-180] Spawn failed: No error
open_run impl_1
INFO: [Device 21-403] Loading part xc7a35tcpg236-1
Netlist sorting complete. Time (s): cpu = 00:00:00 ; elapsed = 00:00:00.001 . Memory (MB): peak = 1454.980 ; gain = 0.000
INFO: [Netlist 29-17] Analyzing 8 Unisim elements for replacement
INFO: [Netlist 29-28] Unisim Transformation completed in 0 CPU seconds
INFO: [Project 1-479] Netlist was created with Vivado 2024.2
INFO: [Project 1-570] Preparing netlist for logic optimization
Read ShapeDB Complete: Time (s): cpu = 00:00:00 ; elapsed = 00:00:00.006 . Memory (MB): peak = 1545.754 ; gain = 0.000
INFO: [Timing 38-478] Restoring timing data from binary archive.
INFO: [Timing 38-479] Binary timing data restore complete.
INFO: [Project 1-856] Restoring constraints from binary archive.
INFO: [Project 1-853] Binary constraint restore complete.
INFO: [Designutils 20-5722] Start Reading Physical Databases.
Reading placement.
Read Netlist Cache: Time (s): cpu = 00:00:00 ; elapsed = 00:00:00.001 . Memory (MB): peak = 2142.105 ; gain = 0.000
Reading placer database...
Read Device Cache: Time (s): cpu = 00:00:00 ; elapsed = 00:00:00.008 . Memory (MB): peak = 2142.105 ; gain = 0.000
Read PlaceDB: Time (s): cpu = 00:00:00 ; elapsed = 00:00:00.005 . Memory (MB): peak = 2142.105 ; gain = 0.000
Read PulsedLatchDB: Time (s): cpu = 00:00:00 ; elapsed = 00:00:00 . Memory (MB): peak = 2142.105 ; gain = 0.000
Reading routing.
Read RouteStorage: Time (s): cpu = 00:00:00 ; elapsed = 00:00:00.009 . Memory (MB): peak = 2142.105 ; gain = 0.000
Read Physdb Files: Time (s): cpu = 00:00:00 ; elapsed = 00:00:00.058 . Memory (MB): peak = 2142.105 ; gain = 0.000
Restored from archive | CPU: 0.000000 secs | Memory: 0.000000 MB |
Finished XDEF File Restore: Time (s): cpu = 00:00:00 ; elapsed = 00:00:00.059 . Memory (MB): peak = 2142.105 ; gain = 0.000
Netlist sorting complete. Time (s): cpu = 00:00:00 ; elapsed = 00:00:00 . Memory (MB): peak = 2142.105 ; gain = 0.000
INFO: [Project 1-111] Unisim Transformation Summary:
No Unisim elements were transformed.

open_run: Time (s): cpu = 00:00:17 ; elapsed = 00:00:20 . Memory (MB): peak = 2443.219 ; gain = 1169.488
open_hw_manager
connect_hw_server -allow_non_jtag
INFO: [Labtools 27-2285] Connecting to hw_server url TCP:localhost:3121
INFO: [Labtools 27-2222] Launching hw_server...
INFO: [Labtools 27-2221] Launch Output:

****** Xilinx hw_server v2024.2
  **** Build date : Oct 29 2024 at 10:25:41
    ** Copyright 1986-2022 Xilinx, Inc. All Rights Reserved.


INFO: [Labtools 27-3415] Connecting to cs_server url TCP:localhost:0
INFO: [Labtools 27-3417] Launching cs_server...
INFO: [Labtools 27-2221] Launch Output:


******** Xilinx cs_server v2024.2.0
  ****** Build date   : Oct 30 2024-12:19:07
    **** Build number : 2024.2.1730312347
      ** Copyright 2017-2022 Xilinx, Inc. All Rights Reserved.
      ** Copyright 2022-2025 Advanced Micro Devices, Inc. All Rights Reserved.



connect_hw_server: Time (s): cpu = 00:00:00 ; elapsed = 00:00:18 . Memory (MB): peak = 2475.449 ; gain = 0.000
open_hw_target
INFO: [Labtoolstcl 44-466] Opening hw_target localhost:3121/xilinx_tcf/Digilent/210183BB7BCAA
set_property PROGRAM.FILE {C:/Users/C27Lachlan.Maclean/ECE281/ECE281-Lab3/thunderbird.runs/impl_1/top_basys3.bit} [get_hw_devices xc7a35t_0]
current_hw_device [get_hw_devices xc7a35t_0]
refresh_hw_device -update_hw_probes false [lindex [get_hw_devices xc7a35t_0] 0]
INFO: [Labtools 27-1434] Device xc7a35t (JTAG device index = 0) is programmed with a design that has no supported debug core(s) in it.
set_property PROBES.FILE {} [get_hw_devices xc7a35t_0]
set_property FULL_PROBES.FILE {} [get_hw_devices xc7a35t_0]
set_property PROGRAM.FILE {C:/Users/C27Lachlan.Maclean/ECE281/ECE281-Lab3/thunderbird.runs/impl_1/top_basys3.bit} [get_hw_devices xc7a35t_0]
program_hw_devices [get_hw_devices xc7a35t_0]
INFO: [Labtools 27-3164] End of startup status: HIGH
refresh_hw_device [lindex [get_hw_devices xc7a35t_0] 0]
INFO: [Labtools 27-1434] Device xc7a35t (JTAG device index = 0) is programmed with a design that has no supported debug core(s) in it.
close_hw_manager
WARNING: [filemgmt 56-199] Attempt to get parsing info during refresh. "On-the-fly" syntax checking information may be incorrect. [C:\Users\C27Lachlan.Maclean\ECE281\ECE281-Lab3\src\thunderbird_fsm_tb.vhd:]
WARNING: [filemgmt 56-199] Attempt to get parsing info during refresh. "On-the-fly" syntax checking information may be incorrect. [C:\Users\C27Lachlan.Maclean\ECE281\ECE281-Lab3\src\top_basys3.vhd:]
WARNING: [filemgmt 56-199] Attempt to get parsing info during refresh. "On-the-fly" syntax checking information may be incorrect. [C:\Users\C27Lachlan.Maclean\ECE281\ECE281-Lab3\src\top_basys3.vhd:]
WARNING: [filemgmt 56-199] Attempt to get parsing info during refresh. "On-the-fly" syntax checking information may be incorrect. [C:\Users\C27Lachlan.Maclean\ECE281\ECE281-Lab3\src\top_basys3.vhd:]
ERROR: [Common 17-180] Spawn failed: No error
WARNING: [filemgmt 56-199] Attempt to get parsing info during refresh. "On-the-fly" syntax checking information may be incorrect. [C:\Users\C27Lachlan.Maclean\ECE281\ECE281-Lab3\src\thunderbird_fsm_tb.vhd:]
WARNING: [filemgmt 56-199] Attempt to get parsing info during refresh. "On-the-fly" syntax checking information may be incorrect. [C:\Users\C27Lachlan.Maclean\ECE281\ECE281-Lab3\src\top_basys3.vhd:]
WARNING: [filemgmt 56-199] Attempt to get parsing info during refresh. "On-the-fly" syntax checking information may be incorrect. [C:\Users\C27Lachlan.Maclean\ECE281\ECE281-Lab3\src\top_basys3.vhd:]
WARNING: [filemgmt 56-199] Attempt to get parsing info during refresh. "On-the-fly" syntax checking information may be incorrect. [C:\Users\C27Lachlan.Maclean\ECE281\ECE281-Lab3\src\top_basys3.vhd:]
ERROR: [Common 17-180] Spawn failed: No error
reset_run synth_1
INFO: [Project 1-1161] Replacing file C:/Users/C27Lachlan.Maclean/ECE281/ECE281-Lab3/thunderbird.srcs/utils_1/imports/synth_1/top_basys3.dcp with file C:/Users/C27Lachlan.Maclean/ECE281/ECE281-Lab3/thunderbird.runs/synth_1/top_basys3.dcp
WARNING: [Vivado 12-1017] Problems encountered:
1. Failed to delete one or more files in run directory C:/Users/C27Lachlan.Maclean/ECE281/ECE281-Lab3/thunderbird.runs/synth_1

launch_runs impl_1 -to_step write_bitstream -jobs 8
[Wed Apr  2 20:26:43 2025] Launched synth_1...
Run output will be captured here: C:/Users/C27Lachlan.Maclean/ECE281/ECE281-Lab3/thunderbird.runs/synth_1/runme.log
[Wed Apr  2 20:26:43 2025] Launched impl_1...
Run output will be captured here: C:/Users/C27Lachlan.Maclean/ECE281/ECE281-Lab3/thunderbird.runs/impl_1/runme.log
WARNING: [filemgmt 56-199] Attempt to get parsing info during refresh. "On-the-fly" syntax checking information may be incorrect. [C:\Users\C27Lachlan.Maclean\ECE281\ECE281-Lab3\src\thunderbird_fsm_tb.vhd:]
WARNING: [filemgmt 56-199] Attempt to get parsing info during refresh. "On-the-fly" syntax checking information may be incorrect. [C:\Users\C27Lachlan.Maclean\ECE281\ECE281-Lab3\src\top_basys3.vhd:]
WARNING: [filemgmt 56-199] Attempt to get parsing info during refresh. "On-the-fly" syntax checking information may be incorrect. [C:\Users\C27Lachlan.Maclean\ECE281\ECE281-Lab3\src\top_basys3.vhd:]
WARNING: [filemgmt 56-199] Attempt to get parsing info during refresh. "On-the-fly" syntax checking information may be incorrect. [C:\Users\C27Lachlan.Maclean\ECE281\ECE281-Lab3\src\top_basys3.vhd:]
ERROR: [Common 17-180] Spawn failed: No error
refresh_design
Netlist sorting complete. Time (s): cpu = 00:00:00 ; elapsed = 00:00:00.001 . Memory (MB): peak = 2493.684 ; gain = 0.000
INFO: [Netlist 29-17] Analyzing 8 Unisim elements for replacement
INFO: [Netlist 29-28] Unisim Transformation completed in 0 CPU seconds
INFO: [Project 1-479] Netlist was created with Vivado 2024.2
INFO: [Project 1-570] Preparing netlist for logic optimization
Read ShapeDB Complete: Time (s): cpu = 00:00:00 ; elapsed = 00:00:00.006 . Memory (MB): peak = 2493.684 ; gain = 0.000
INFO: [Timing 38-478] Restoring timing data from binary archive.
INFO: [Timing 38-479] Binary timing data restore complete.
INFO: [Project 1-856] Restoring constraints from binary archive.
INFO: [Project 1-853] Binary constraint restore complete.
INFO: [Designutils 20-5722] Start Reading Physical Databases.
Reading placement.
Read Netlist Cache: Time (s): cpu = 00:00:00 ; elapsed = 00:00:00.001 . Memory (MB): peak = 2493.684 ; gain = 0.000
Reading placer database...
Read Device Cache: Time (s): cpu = 00:00:00 ; elapsed = 00:00:00.009 . Memory (MB): peak = 2493.684 ; gain = 0.000
Read PlaceDB: Time (s): cpu = 00:00:00 ; elapsed = 00:00:00.005 . Memory (MB): peak = 2493.684 ; gain = 0.000
Read PulsedLatchDB: Time (s): cpu = 00:00:00 ; elapsed = 00:00:00 . Memory (MB): peak = 2493.684 ; gain = 0.000
Reading routing.
Read RouteStorage: Time (s): cpu = 00:00:00 ; elapsed = 00:00:00.010 . Memory (MB): peak = 2493.684 ; gain = 0.000
Read Physdb Files: Time (s): cpu = 00:00:00 ; elapsed = 00:00:00.061 . Memory (MB): peak = 2493.684 ; gain = 0.000
Restored from archive | CPU: 0.000000 secs | Memory: 0.000000 MB |
Finished XDEF File Restore: Time (s): cpu = 00:00:00 ; elapsed = 00:00:00.061 . Memory (MB): peak = 2493.684 ; gain = 0.000
refresh_design: Time (s): cpu = 00:00:12 ; elapsed = 00:00:13 . Memory (MB): peak = 2493.684 ; gain = 4.188
open_hw_manager
connect_hw_server -allow_non_jtag
INFO: [Labtools 27-2285] Connecting to hw_server url TCP:localhost:3121
INFO: [Labtools 27-2222] Launching hw_server...
INFO: [Labtools 27-2221] Launch Output:

****** Xilinx hw_server v2024.2
  **** Build date : Oct 29 2024 at 10:25:41
    ** Copyright 1986-2022 Xilinx, Inc. All Rights Reserved.


INFO: [Labtools 27-3415] Connecting to cs_server url TCP:localhost:0
INFO: [Labtools 27-3417] Launching cs_server...
INFO: [Labtools 27-2221] Launch Output:


******** Xilinx cs_server v2024.2.0
  ****** Build date   : Oct 30 2024-12:19:07
    **** Build number : 2024.2.1730312347
      ** Copyright 2017-2022 Xilinx, Inc. All Rights Reserved.
      ** Copyright 2022-2025 Advanced Micro Devices, Inc. All Rights Reserved.



connect_hw_server: Time (s): cpu = 00:00:01 ; elapsed = 00:00:18 . Memory (MB): peak = 2503.629 ; gain = 0.000
open_hw_target
INFO: [Labtoolstcl 44-466] Opening hw_target localhost:3121/xilinx_tcf/Digilent/210183BB7BCAA
set_property PROGRAM.FILE {C:/Users/C27Lachlan.Maclean/ECE281/ECE281-Lab3/thunderbird.runs/impl_1/top_basys3.bit} [get_hw_devices xc7a35t_0]
current_hw_device [get_hw_devices xc7a35t_0]
refresh_hw_device -update_hw_probes false [lindex [get_hw_devices xc7a35t_0] 0]
INFO: [Labtools 27-1434] Device xc7a35t (JTAG device index = 0) is programmed with a design that has no supported debug core(s) in it.
set_property PROBES.FILE {} [get_hw_devices xc7a35t_0]
set_property FULL_PROBES.FILE {} [get_hw_devices xc7a35t_0]
set_property PROGRAM.FILE {C:/Users/C27Lachlan.Maclean/ECE281/ECE281-Lab3/thunderbird.runs/impl_1/top_basys3.bit} [get_hw_devices xc7a35t_0]
program_hw_devices [get_hw_devices xc7a35t_0]
INFO: [Labtools 27-3164] End of startup status: HIGH
refresh_hw_device [lindex [get_hw_devices xc7a35t_0] 0]
INFO: [Labtools 27-1434] Device xc7a35t (JTAG device index = 0) is programmed with a design that has no supported debug core(s) in it.
close_hw_manager
WARNING: [filemgmt 56-199] Attempt to get parsing info during refresh. "On-the-fly" syntax checking information may be incorrect. [C:\Users\C27Lachlan.Maclean\ECE281\ECE281-Lab3\src\thunderbird_fsm_tb.vhd:]
WARNING: [filemgmt 56-199] Attempt to get parsing info during refresh. "On-the-fly" syntax checking information may be incorrect. [C:\Users\C27Lachlan.Maclean\ECE281\ECE281-Lab3\src\top_basys3.vhd:]
WARNING: [filemgmt 56-199] Attempt to get parsing info during refresh. "On-the-fly" syntax checking information may be incorrect. [C:\Users\C27Lachlan.Maclean\ECE281\ECE281-Lab3\src\thunderbird_fsm.vhd:]
WARNING: [filemgmt 56-199] Attempt to get parsing info during refresh. "On-the-fly" syntax checking information may be incorrect. [C:\Users\C27Lachlan.Maclean\ECE281\ECE281-Lab3\src\top_basys3.vhd:]
WARNING: [filemgmt 56-199] Attempt to get parsing info during refresh. "On-the-fly" syntax checking information may be incorrect. [C:\Users\C27Lachlan.Maclean\ECE281\ECE281-Lab3\src\top_basys3.vhd:]
WARNING: [filemgmt 56-199] Attempt to get parsing info during refresh. "On-the-fly" syntax checking information may be incorrect. [C:\Users\C27Lachlan.Maclean\ECE281\ECE281-Lab3\src\thunderbird_fsm_tb.vhd:]
WARNING: [filemgmt 56-199] Attempt to get parsing info during refresh. "On-the-fly" syntax checking information may be incorrect. [C:\Users\C27Lachlan.Maclean\ECE281\ECE281-Lab3\src\top_basys3.vhd:]
WARNING: [filemgmt 56-199] Attempt to get parsing info during refresh. "On-the-fly" syntax checking information may be incorrect. [C:\Users\C27Lachlan.Maclean\ECE281\ECE281-Lab3\src\thunderbird_fsm.vhd:]
WARNING: [filemgmt 56-199] Attempt to get parsing info during refresh. "On-the-fly" syntax checking information may be incorrect. [C:\Users\C27Lachlan.Maclean\ECE281\ECE281-Lab3\src\thunderbird_fsm.vhd:]
WARNING: [filemgmt 56-199] Attempt to get parsing info during refresh. "On-the-fly" syntax checking information may be incorrect. [C:\Users\C27Lachlan.Maclean\ECE281\ECE281-Lab3\src\thunderbird_fsm.vhd:]
reset_run synth_1
INFO: [Project 1-1161] Replacing file C:/Users/C27Lachlan.Maclean/ECE281/ECE281-Lab3/thunderbird.srcs/utils_1/imports/synth_1/top_basys3.dcp with file C:/Users/C27Lachlan.Maclean/ECE281/ECE281-Lab3/thunderbird.runs/synth_1/top_basys3.dcp
WARNING: [Vivado 12-1017] Problems encountered:
1. Failed to delete one or more files in run directory C:/Users/C27Lachlan.Maclean/ECE281/ECE281-Lab3/thunderbird.runs/synth_1

launch_runs impl_1 -to_step write_bitstream -jobs 8
[Wed Apr  2 20:31:45 2025] Launched synth_1...
Run output will be captured here: C:/Users/C27Lachlan.Maclean/ECE281/ECE281-Lab3/thunderbird.runs/synth_1/runme.log
[Wed Apr  2 20:31:45 2025] Launched impl_1...
Run output will be captured here: C:/Users/C27Lachlan.Maclean/ECE281/ECE281-Lab3/thunderbird.runs/impl_1/runme.log
WARNING: [filemgmt 56-199] Attempt to get parsing info during refresh. "On-the-fly" syntax checking information may be incorrect. [C:\Users\C27Lachlan.Maclean\ECE281\ECE281-Lab3\src\thunderbird_fsm_tb.vhd:]
WARNING: [filemgmt 56-199] Attempt to get parsing info during refresh. "On-the-fly" syntax checking information may be incorrect. [C:\Users\C27Lachlan.Maclean\ECE281\ECE281-Lab3\src\top_basys3.vhd:]
WARNING: [filemgmt 56-199] Attempt to get parsing info during refresh. "On-the-fly" syntax checking information may be incorrect. [C:\Users\C27Lachlan.Maclean\ECE281\ECE281-Lab3\src\thunderbird_fsm.vhd:]
WARNING: [filemgmt 56-199] Attempt to get parsing info during refresh. "On-the-fly" syntax checking information may be incorrect. [C:\Users\C27Lachlan.Maclean\ECE281\ECE281-Lab3\src\top_basys3.vhd:]
WARNING: [filemgmt 56-199] Attempt to get parsing info during refresh. "On-the-fly" syntax checking information may be incorrect. [C:\Users\C27Lachlan.Maclean\ECE281\ECE281-Lab3\src\top_basys3.vhd:]
open_hw_manager
connect_hw_server -allow_non_jtag
INFO: [Labtools 27-2285] Connecting to hw_server url TCP:localhost:3121
INFO: [Labtools 27-2222] Launching hw_server...
INFO: [Labtools 27-2221] Launch Output:

****** Xilinx hw_server v2024.2
  **** Build date : Oct 29 2024 at 10:25:41
    ** Copyright 1986-2022 Xilinx, Inc. All Rights Reserved.


INFO: [Labtools 27-3415] Connecting to cs_server url TCP:localhost:0
INFO: [Labtools 27-3417] Launching cs_server...
INFO: [Labtools 27-2221] Launch Output:


******** Xilinx cs_server v2024.2.0
  ****** Build date   : Oct 30 2024-12:19:07
    **** Build number : 2024.2.1730312347
      ** Copyright 2017-2022 Xilinx, Inc. All Rights Reserved.
      ** Copyright 2022-2025 Advanced Micro Devices, Inc. All Rights Reserved.



connect_hw_server: Time (s): cpu = 00:00:00 ; elapsed = 00:00:19 . Memory (MB): peak = 2521.586 ; gain = 0.000
open_hw_target
INFO: [Labtoolstcl 44-466] Opening hw_target localhost:3121/xilinx_tcf/Digilent/210183BB7BCAA
set_property PROGRAM.FILE {C:/Users/C27Lachlan.Maclean/ECE281/ECE281-Lab3/thunderbird.runs/impl_1/top_basys3.bit} [get_hw_devices xc7a35t_0]
current_hw_device [get_hw_devices xc7a35t_0]
refresh_hw_device -update_hw_probes false [lindex [get_hw_devices xc7a35t_0] 0]
INFO: [Labtools 27-1434] Device xc7a35t (JTAG device index = 0) is programmed with a design that has no supported debug core(s) in it.
set_property PROBES.FILE {} [get_hw_devices xc7a35t_0]
set_property FULL_PROBES.FILE {} [get_hw_devices xc7a35t_0]
set_property PROGRAM.FILE {C:/Users/C27Lachlan.Maclean/ECE281/ECE281-Lab3/thunderbird.runs/impl_1/top_basys3.bit} [get_hw_devices xc7a35t_0]
program_hw_devices [get_hw_devices xc7a35t_0]
INFO: [Labtools 27-3164] End of startup status: HIGH
refresh_hw_device [lindex [get_hw_devices xc7a35t_0] 0]
INFO: [Labtools 27-1434] Device xc7a35t (JTAG device index = 0) is programmed with a design that has no supported debug core(s) in it.
ERROR: [Labtoolstcl 44-513] HW Target shutdown. Closing target: localhost:3121/xilinx_tcf/Digilent/210183BB7BCAA
close_hw_manager
close_sim
INFO: [Simtcl 6-16] Simulation closed
exit
INFO: [Common 17-206] Exiting Vivado at Wed Apr  2 20:40:08 2025...
